# JRE version: OpenJDK Runtime Environment (8.0_242-b01) (build 1.8.0_242-release-1644-b01)
# Java VM: OpenJDK 64-Bit Server VM (25.242-b01 mixed mode windows-amd64 compressed oops)
Heap:
 PSYoungGen      total 368640K, used 327323K [0x00000000d5580000, 0x00000000f0900000, 0x0000000100000000)
  eden space 340992K, 90% used [0x00000000d5580000,0x00000000e83bac80,0x00000000ea280000)
  from space 27648K, 64% used [0x00000000ea280000,0x00000000eb3ec190,0x00000000ebd80000)
  to   space 28160K, 0% used [0x00000000eed80000,0x00000000eed80000,0x00000000f0900000)
 ParOldGen       total 170496K, used 59774K [0x0000000080000000, 0x000000008a680000, 0x00000000d5580000)
  object space 170496K, 35% used [0x0000000080000000,0x0000000083a5f8b0,0x000000008a680000)
 Metaspace       used 92703K, capacity 97898K, committed 98136K, reserved 1134592K
  class space    used 12310K, capacity 13354K, committed 13440K, reserved 1048576K
GC Heap History (10 events):
Event: 4.688 GC heap before
{Heap before GC invocations=10 (full 2):
 PSYoungGen      total 206848K, used 193536K [0x00000000d5580000, 0x00000000e9a80000, 0x0000000100000000)
  eden space 193536K, 100% used [0x00000000d5580000,0x00000000e1280000,0x00000000e1280000)
  from space 13312K, 0% used [0x00000000e1280000,0x00000000e1280000,0x00000000e1f80000)
  to   space 13824K, 0% used [0x00000000e8d00000,0x00000000e8d00000,0x00000000e9a80000)
 ParOldGen       total 109568K, used 17774K [0x0000000080000000, 0x0000000086b00000, 0x00000000d5580000)
  object space 109568K, 16% used [0x0000000080000000,0x000000008115ba48,0x0000000086b00000)
 Metaspace       used 44433K, capacity 46526K, committed 46720K, reserved 1089536K
  class space    used 6027K, capacity 6415K, committed 6528K, reserved 1048576K
Event: 4.701 GC heap after
Heap after GC invocations=10 (full 2):
 PSYoungGen      total 290816K, used 13803K [0x00000000d5580000, 0x00000000e9a80000, 0x0000000100000000)
  eden space 276992K, 0% used [0x00000000d5580000,0x00000000d5580000,0x00000000e6400000)
  from space 13824K, 99% used [0x00000000e8d00000,0x00000000e9a7ad10,0x00000000e9a80000)
  to   space 17408K, 0% used [0x00000000e7880000,0x00000000e7880000,0x00000000e8980000)
 ParOldGen       total 109568K, used 21593K [0x0000000080000000, 0x0000000086b00000, 0x00000000d5580000)
  object space 109568K, 19% used [0x0000000080000000,0x00000000815164a0,0x0000000086b00000)
 Metaspace       used 44433K, capacity 46526K, committed 46720K, reserved 1089536K
  class space    used 6027K, capacity 6415K, committed 6528K, reserved 1048576K
}
Event: 5.932 GC heap before
{Heap before GC invocations=11 (full 2):
 PSYoungGen      total 290816K, used 158064K [0x00000000d5580000, 0x00000000e9a80000, 0x0000000100000000)
  eden space 276992K, 52% used [0x00000000d5580000,0x00000000de261518,0x00000000e6400000)
  from space 13824K, 99% used [0x00000000e8d00000,0x00000000e9a7ad10,0x00000000e9a80000)
  to   space 17408K, 0% used [0x00000000e7880000,0x00000000e7880000,0x00000000e8980000)
 ParOldGen       total 109568K, used 21593K [0x0000000080000000, 0x0000000086b00000, 0x00000000d5580000)
  object space 109568K, 19% used [0x0000000080000000,0x00000000815164a0,0x0000000086b00000)
 Metaspace       used 56540K, capacity 59052K, committed 59096K, reserved 1099776K
  class space    used 7458K, capacity 7924K, committed 7936K, reserved 1048576K
Event: 5.958 GC heap after
Heap after GC invocations=11 (full 2):
 PSYoungGen      total 315392K, used 17380K [0x00000000d5580000, 0x00000000ed400000, 0x0000000100000000)
  eden space 297984K, 0% used [0x00000000d5580000,0x00000000d5580000,0x00000000e7880000)
  from space 17408K, 99% used [0x00000000e7880000,0x00000000e89793d0,0x00000000e8980000)
  to   space 23040K, 0% used [0x00000000ebd80000,0x00000000ebd80000,0x00000000ed400000)
 ParOldGen       total 109568K, used 29864K [0x0000000080000000, 0x0000000086b00000, 0x00000000d5580000)
  object space 109568K, 27% used [0x0000000080000000,0x0000000081d2a380,0x0000000086b00000)
 Metaspace       used 56540K, capacity 59052K, committed 59096K, reserved 1099776K
  class space    used 7458K, capacity 7924K, committed 7936K, reserved 1048576K
}
Event: 5.958 GC heap before
{Heap before GC invocations=12 (full 3):
 PSYoungGen      total 315392K, used 17380K [0x00000000d5580000, 0x00000000ed400000, 0x0000000100000000)
  eden space 297984K, 0% used [0x00000000d5580000,0x00000000d5580000,0x00000000e7880000)
  from space 17408K, 99% used [0x00000000e7880000,0x00000000e89793d0,0x00000000e8980000)
  to   space 23040K, 0% used [0x00000000ebd80000,0x00000000ebd80000,0x00000000ed400000)
 ParOldGen       total 109568K, used 29864K [0x0000000080000000, 0x0000000086b00000, 0x00000000d5580000)
  object space 109568K, 27% used [0x0000000080000000,0x0000000081d2a380,0x0000000086b00000)
 Metaspace       used 56540K, capacity 59052K, committed 59096K, reserved 1099776K
  class space    used 7458K, capacity 7924K, committed 7936K, reserved 1048576K
Event: 6.213 GC heap after
Heap after GC invocations=12 (full 3):
 PSYoungGen      total 315392K, used 0K [0x00000000d5580000, 0x00000000ed400000, 0x0000000100000000)
  eden space 297984K, 0% used [0x00000000d5580000,0x00000000d5580000,0x00000000e7880000)
  from space 17408K, 0% used [0x00000000e7880000,0x00000000e7880000,0x00000000e8980000)
  to   space 23040K, 0% used [0x00000000ebd80000,0x00000000ebd80000,0x00000000ed400000)
 ParOldGen       total 170496K, used 39989K [0x0000000080000000, 0x000000008a680000, 0x00000000d5580000)
  object space 170496K, 23% used [0x0000000080000000,0x000000008270d710,0x000000008a680000)
 Metaspace       used 56463K, capacity 58814K, committed 59096K, reserved 1099776K
  class space    used 7435K, capacity 7889K, committed 7936K, reserved 1048576K
}
Event: 8.701 GC heap before
{Heap before GC invocations=13 (full 3):
 PSYoungGen      total 315392K, used 297984K [0x00000000d5580000, 0x00000000ed400000, 0x0000000100000000)
  eden space 297984K, 100% used [0x00000000d5580000,0x00000000e7880000,0x00000000e7880000)
  from space 17408K, 0% used [0x00000000e7880000,0x00000000e7880000,0x00000000e8980000)
  to   space 23040K, 0% used [0x00000000ebd80000,0x00000000ebd80000,0x00000000ed400000)
 ParOldGen       total 170496K, used 39989K [0x0000000080000000, 0x000000008a680000, 0x00000000d5580000)
  object space 170496K, 23% used [0x0000000080000000,0x000000008270d710,0x000000008a680000)
 Metaspace       used 74951K, capacity 78748K, committed 78936K, reserved 1118208K
  class space    used 10282K, capacity 11013K, committed 11136K, reserved 1048576K
Event: 8.719 GC heap after
Heap after GC invocations=13 (full 3):
 PSYoungGen      total 364032K, used 23032K [0x00000000d5580000, 0x00000000ee200000, 0x0000000100000000)
  eden space 340992K, 0% used [0x00000000d5580000,0x00000000d5580000,0x00000000ea280000)
  from space 23040K, 99% used [0x00000000ebd80000,0x00000000ed3fe3f0,0x00000000ed400000)
  to   space 27648K, 0% used [0x00000000ea280000,0x00000000ea280000,0x00000000ebd80000)
 ParOldGen       total 170496K, used 44940K [0x0000000080000000, 0x000000008a680000, 0x00000000d5580000)
  object space 170496K, 26% used [0x0000000080000000,0x0000000082be3108,0x000000008a680000)
 Metaspace       used 74951K, capacity 78748K, committed 78936K, reserved 1118208K
  class space    used 10282K, capacity 11013K, committed 11136K, reserved 1048576K
}
Event: 1649.001 GC heap before
{Heap before GC invocations=14 (full 3):
 PSYoungGen      total 364032K, used 364024K [0x00000000d5580000, 0x00000000ee200000, 0x0000000100000000)
  eden space 340992K, 100% used [0x00000000d5580000,0x00000000ea280000,0x00000000ea280000)
  from space 23040K, 99% used [0x00000000ebd80000,0x00000000ed3fe3f0,0x00000000ed400000)
  to   space 27648K, 0% used [0x00000000ea280000,0x00000000ea280000,0x00000000ebd80000)
 ParOldGen       total 170496K, used 44940K [0x0000000080000000, 0x000000008a680000, 0x00000000d5580000)
  object space 170496K, 26% used [0x0000000080000000,0x0000000082be3108,0x000000008a680000)
 Metaspace       used 86512K, capacity 91164K, committed 91352K, reserved 1128448K
  class space    used 11503K, capacity 12431K, committed 12544K, reserved 1048576K
Event: 1649.068 GC heap after
Heap after GC invocations=14 (full 3):
 PSYoungGen      total 368640K, used 17840K [0x00000000d5580000, 0x00000000f0900000, 0x0000000100000000)
  eden space 340992K, 0% used [0x00000000d5580000,0x00000000d5580000,0x00000000ea280000)
  from space 27648K, 64% used [0x00000000ea280000,0x00000000eb3ec190,0x00000000ebd80000)
  to   space 28160K, 0% used [0x00000000eed80000,0x00000000eed80000,0x00000000f0900000)
 ParOldGen       total 170496K, used 59774K [0x0000000080000000, 0x000000008a680000, 0x00000000d5580000)
  object space 170496K, 35% used [0x0000000080000000,0x0000000083a5f8b0,0x000000008a680000)
 Metaspace       used 86512K, capacity 91164K, committed 91352K, reserved 1128448K
  class space    used 11503K, capacity 12431K, committed 12544K, reserved 1048576K
}

